13:52:10 INF cmd/nasd/main.go:362 > using default config
13:52:10 INF cmd/nasd/main.go:90 > starting MnemoNAS address=0.0.0.0:8080 storage_root=/home/seanbao/.mnemonas version=dev
13:52:10 WRN cmd/nasd/main.go:98 > ⚠️  TLS/HTTPS is DISABLED - data transmitted in plain text!
13:52:10 WRN cmd/nasd/main.go:99 >    Set [server.tls].enabled = true for secure connections
13:52:10 INF cmd/nasd/main.go:111 > 🔐 WebDAV using auto-generated password from secrets.json
13:52:10 INF cmd/nasd/main.go:123 > connected to dataplane address=127.0.0.1:9090
13:52:10 INF internal/storage/retention_monitor.go:98 > Retention monitor started interval=86400000
13:52:10 INF internal/alerts/alerts.go:133 > Storage alerting disabled
13:52:10 INF internal/api/server.go:152 > Connected to data plane addr=127.0.0.1:9090
13:52:10 INF internal/api/server.go:172 > Thumbnail service initialized cache=/home/seanbao/.mnemonas/.mnemonas/thumbnails
13:52:10 INF internal/api/server.go:183 > Maintenance history store initialized path=/home/seanbao/.mnemonas/.mnemonas/maintenance
13:52:10 INF internal/api/server.go:194 > Activity store initialized path=/home/seanbao/.mnemonas/.mnemonas/activity
13:52:10 INF internal/api/server.go:236 > Authentication enabled
13:52:10 INF internal/api/server.go:259 > File sharing configured but currently disabled
13:52:10 INF internal/api/server.go:273 > Favorites feature enabled
13:52:10 INF cmd/nasd/main.go:250 > WebDAV enabled auth=basic prefix=/dav
13:52:10 INF cmd/nasd/main.go:317 > server started (HTTP) address=0.0.0.0:8080
13:52:11 INF internal/api/server.go:1753 > request bytes=138 duration=1.653582 method=GET path=/health remote=127.0.0.1:55536 status=200
13:53:22 INF internal/api/server.go:1753 > request bytes=142 duration=0.418619 method=GET path=/health remote=[::1]:55462 status=200
13:53:22 INF internal/api/server.go:1753 > request bytes=142 duration=0.52765 method=GET path=/health remote=[::1]:55464 status=200
13:53:22 INF internal/api/server.go:1753 > request bytes=113 duration=0.075592 method=GET path=/api/v1/version remote=[::1]:55466 status=200
13:53:22 INF internal/api/server.go:1753 > request bytes=98 duration=0.092106 method=GET path=/api/v1/versions/e2e-test/versioned.txt remote=[::1]:55650 status=401
13:53:22 INF internal/api/server.go:1753 > request bytes=98 duration=0.049195 method=GET path=/api/v1/metrics remote=[::1]:55870 status=401
13:53:22 INF internal/api/server.go:1753 > request bytes=98 duration=0.067865 method=GET path=/api/v1/scrub remote=[::1]:55886 status=401
13:53:22 INF internal/api/server.go:1753 > request bytes=98 duration=0.038515 method=POST path=/api/v1/scrub remote=[::1]:55890 status=401
13:53:22 INF internal/api/server.go:1753 > request bytes=98 duration=0.065615 method=GET path=/api/v1/diagnostics remote=[::1]:55900 status=401
13:53:22 INF internal/api/server.go:1753 > request bytes=19 duration=0.029426 method=GET path=/etc/passwd remote=[::1]:55908 status=404
13:53:22 INF internal/api/server.go:1753 > request bytes=98 duration=49.097406 method=POST path=/api/v1/auth/login remote=[::1]:55914 status=401
13:53:22 INF internal/api/server.go:1753 > request bytes=98 duration=0.069569 method=GET path=/api/v1/auth/me remote=[::1]:55916 status=401
14:18:38 INF internal/api/server.go:1753 > request bytes=145 duration=1.496859 method=GET path=/health remote=[::1]:45352 status=200
14:18:38 INF internal/api/server.go:1753 > request bytes=107 duration=0.411564 method=GET path=/api/v1/setup/ remote=[::1]:45360 status=200
14:18:39 INF internal/api/server.go:1753 > request bytes=984 duration=53.749474 method=POST path=/api/v1/auth/login remote=[::1]:45376 status=200
14:18:39 INF internal/api/server.go:1753 > request bytes=159 duration=0.143213 method=GET path=/api/v1/settings/webdav-credentials remote=[::1]:45380 status=200
14:18:39 INF internal/api/server.go:1753 > request bytes=145 duration=0.523154 method=GET path=/health remote=[::1]:45384 status=200
14:18:39 INF internal/api/server.go:1753 > request bytes=113 duration=0.052984 method=GET path=/api/v1/version remote=[::1]:45386 status=200
14:18:39 INF internal/api/server.go:1753 > request bytes=543 duration=0.470273 method=GET path=/api/v1/versions/e2e-test/versioned.txt remote=[::1]:45582 status=200
14:18:39 INF internal/api/server.go:1753 > request bytes=368 duration=0.176264 method=GET path=/api/v1/metrics remote=[::1]:45776 status=200
14:18:39 INF internal/api/server.go:1753 > request bytes=118 duration=0.107345 method=GET path=/api/v1/maintenance/scrub remote=[::1]:45790 status=200
14:18:39 INF internal/api/server.go:1753 > request bytes=183 duration=3.583984 method=POST path=/api/v1/maintenance/scrub remote=[::1]:45804 status=200
14:18:39 INF internal/api/server.go:1753 > request bytes=626 duration=1.00772 method=GET path=/api/v1/diagnostics-export remote=[::1]:45816 status=200
14:18:39 INF internal/api/server.go:1753 > request bytes=19 duration=0.0368 method=GET path=/etc/passwd remote=[::1]:45824 status=404
14:18:39 INF internal/api/server.go:1753 > request bytes=98 duration=49.455931 method=POST path=/api/v1/auth/login remote=[::1]:45840 status=401
14:18:39 INF internal/api/server.go:1753 > request bytes=985 duration=52.616274 method=POST path=/api/v1/auth/login remote=[::1]:45856 status=200
14:18:39 INF internal/api/server.go:1753 > request bytes=98 duration=0.04712 method=GET path=/api/v1/auth/me remote=[::1]:45860 status=401
14:18:39 INF internal/api/server.go:1753 > request bytes=985 duration=0.138997 method=POST path=/api/v1/auth/refresh remote=[::1]:45862 status=200
14:18:48 INF internal/api/server.go:1753 > request bytes=145 duration=0.524198 method=GET path=/health remote=[::1]:34334 status=200
14:18:48 INF internal/api/server.go:1753 > request bytes=107 duration=0.115846 method=GET path=/api/v1/setup/ remote=[::1]:34340 status=200
14:18:48 INF internal/api/server.go:1753 > request bytes=985 duration=51.121331 method=POST path=/api/v1/auth/login remote=[::1]:34352 status=200
14:18:48 INF internal/api/server.go:1753 > request bytes=159 duration=0.150758 method=GET path=/api/v1/settings/webdav-credentials remote=[::1]:34366 status=200
14:18:48 INF internal/api/server.go:1753 > request bytes=145 duration=0.530539 method=GET path=/health remote=[::1]:34376 status=200
14:18:48 INF internal/api/server.go:1753 > request bytes=113 duration=0.077222 method=GET path=/api/v1/version remote=[::1]:34382 status=200
14:18:48 INF internal/api/server.go:1753 > request bytes=681 duration=0.388104 method=GET path=/api/v1/versions/e2e-test/versioned.txt remote=[::1]:34620 status=200
14:18:48 INF internal/api/server.go:1753 > request bytes=369 duration=0.123445 method=GET path=/api/v1/metrics remote=[::1]:34784 status=200
14:18:48 INF internal/api/server.go:1753 > request bytes=344 duration=0.11884 method=GET path=/api/v1/maintenance/scrub remote=[::1]:34794 status=200
14:18:48 INF internal/api/server.go:1753 > request bytes=186 duration=1.732658 method=POST path=/api/v1/maintenance/scrub remote=[::1]:34810 status=200
14:18:48 INF internal/api/server.go:1753 > request bytes=628 duration=0.798319 method=GET path=/api/v1/diagnostics-export remote=[::1]:34822 status=200
14:18:49 INF internal/api/server.go:1753 > request bytes=19 duration=0.035571 method=GET path=/etc/passwd remote=[::1]:34862 status=404
14:18:49 INF internal/api/server.go:1753 > request bytes=98 duration=49.914669 method=POST path=/api/v1/auth/login remote=[::1]:34864 status=401
14:18:49 INF internal/api/server.go:1753 > request bytes=985 duration=50.485948 method=POST path=/api/v1/auth/login remote=[::1]:34872 status=200
14:18:49 INF internal/api/server.go:1753 > request bytes=98 duration=0.046011 method=GET path=/api/v1/auth/me remote=[::1]:34886 status=401
14:18:49 INF internal/api/server.go:1753 > request bytes=985 duration=0.142879 method=POST path=/api/v1/auth/refresh remote=[::1]:34902 status=200
14:20:03 INF internal/api/server.go:1753 > request bytes=145 duration=0.457596 method=GET path=/health remote=[::1]:37232 status=200
14:20:03 INF internal/api/server.go:1753 > request bytes=107 duration=0.102722 method=GET path=/api/v1/setup/ remote=[::1]:37242 status=200
14:20:03 INF internal/api/server.go:1753 > request bytes=985 duration=53.383502 method=POST path=/api/v1/auth/login remote=[::1]:37244 status=200
14:20:03 INF internal/api/server.go:1753 > request bytes=159 duration=0.205668 method=GET path=/api/v1/settings/webdav-credentials remote=[::1]:37248 status=200
14:20:03 INF internal/api/server.go:1753 > request bytes=145 duration=0.492345 method=GET path=/health remote=[::1]:37252 status=200
14:20:03 INF internal/api/server.go:1753 > request bytes=113 duration=0.048394 method=GET path=/api/v1/version remote=[::1]:37268 status=200
14:20:04 INF internal/api/server.go:1753 > request bytes=551 duration=0.443857 method=GET path=/api/v1/versions/e2e-test-1604811/versioned.txt remote=[::1]:37506 status=200
14:20:04 INF internal/api/server.go:1753 > request bytes=370 duration=0.175259 method=GET path=/api/v1/metrics remote=[::1]:37702 status=200
14:20:04 INF internal/api/server.go:1753 > request bytes=347 duration=0.119617 method=GET path=/api/v1/maintenance/scrub remote=[::1]:37714 status=200
14:20:04 INF internal/api/server.go:1753 > request bytes=186 duration=1.178618 method=POST path=/api/v1/maintenance/scrub remote=[::1]:37724 status=200
14:20:04 INF internal/api/server.go:1753 > request bytes=633 duration=0.86295 method=GET path=/api/v1/diagnostics-export remote=[::1]:37734 status=200
14:20:05 INF internal/api/server.go:1753 > request bytes=19 duration=0.050046 method=GET path=/etc/passwd remote=[::1]:37746 status=404
14:20:05 INF internal/api/server.go:1753 > request bytes=98 duration=46.581097 method=POST path=/api/v1/auth/login remote=[::1]:37750 status=401
14:20:05 INF internal/api/server.go:1753 > request bytes=983 duration=55.842286 method=POST path=/api/v1/auth/login remote=[::1]:37766 status=200
14:20:05 INF internal/api/server.go:1753 > request bytes=98 duration=0.070958 method=GET path=/api/v1/auth/me remote=[::1]:37770 status=401
14:20:05 INF internal/api/server.go:1753 > request bytes=985 duration=0.126306 method=POST path=/api/v1/auth/refresh remote=[::1]:37774 status=200
14:22:32 INF internal/api/server.go:1753 > request bytes=144 duration=0.381724 method=GET path=/health remote=[::1]:50568 status=200
14:22:32 INF internal/api/server.go:1753 > request bytes=107 duration=0.083598 method=GET path=/api/v1/setup/ remote=[::1]:50570 status=200
14:22:32 INF internal/api/server.go:1753 > request bytes=985 duration=52.870774 method=POST path=/api/v1/auth/login remote=[::1]:50578 status=200
14:22:32 INF internal/api/server.go:1753 > request bytes=159 duration=0.190508 method=GET path=/api/v1/settings/webdav-credentials remote=[::1]:50580 status=200
